{"timestamp":"2025-12-17T22:53:04.052Z","level":"info","message":"🤖 AI Buzz Media - Production Backup System","data":null}
{"timestamp":"2025-12-17T22:53:04.060Z","level":"info","message":"==============================================","data":null}
{"timestamp":"2025-12-17T22:53:04.105Z","level":"info","message":"📅 Starting production backup at: 12/17/2025, 5:53:04 PM","data":null}
{"timestamp":"2025-12-17T22:53:04.107Z","level":"info","message":"📁 Backup name: production-backup-2025-12-17T22-53-04-050Z","data":null}
{"timestamp":"2025-12-17T22:53:04.109Z","level":"info","message":"🔧 Environment: production","data":null}
{"timestamp":"2025-12-17T22:53:04.111Z","level":"info","message":"","data":null}
{"timestamp":"2025-12-17T22:53:04.113Z","level":"info","message":"Creating production backup directory...","data":null}
{"timestamp":"2025-12-17T22:53:04.116Z","level":"info","message":"✅ Backup directory created: production-backups\\production-backup-2025-12-17T22-53-04-050Z","data":null}
{"timestamp":"2025-12-17T22:53:04.119Z","level":"info","message":"Creating backup manifest...","data":null}
{"timestamp":"2025-12-17T22:53:04.346Z","level":"info","message":"Starting file copy process...","data":null}
{"timestamp":"2025-12-17T22:53:04.366Z","level":"warn","message":"Failed to scan directory astro.config.mjs: ENOTDIR: not a directory, scandir 'C:\\Users\\Raf\\Desktop\\AINewsSite\\ai-news-site\\astro.config.mjs'","data":null}
{"timestamp":"2025-12-17T22:53:04.369Z","level":"warn","message":"Failed to scan directory package.json: ENOTDIR: not a directory, scandir 'C:\\Users\\Raf\\Desktop\\AINewsSite\\ai-news-site\\package.json'","data":null}
{"timestamp":"2025-12-17T22:53:04.372Z","level":"warn","message":"Failed to scan directory package-lock.json: ENOTDIR: not a directory, scandir 'C:\\Users\\Raf\\Desktop\\AINewsSite\\ai-news-site\\package-lock.json'","data":null}
{"timestamp":"2025-12-17T22:53:04.375Z","level":"warn","message":"Failed to scan directory netlify.toml: ENOTDIR: not a directory, scandir 'C:\\Users\\Raf\\Desktop\\AINewsSite\\ai-news-site\\netlify.toml'","data":null}
{"timestamp":"2025-12-17T22:53:04.378Z","level":"warn","message":"Failed to scan directory tsconfig.json: ENOTDIR: not a directory, scandir 'C:\\Users\\Raf\\Desktop\\AINewsSite\\ai-news-site\\tsconfig.json'","data":null}
{"timestamp":"2025-12-17T22:53:04.380Z","level":"warn","message":"Failed to scan directory sanity.config.ts: ENOTDIR: not a directory, scandir 'C:\\Users\\Raf\\Desktop\\AINewsSite\\ai-news-site\\sanity.config.ts'","data":null}
{"timestamp":"2025-12-17T22:53:04.383Z","level":"warn","message":"Failed to scan directory env.example: ENOTDIR: not a directory, scandir 'C:\\Users\\Raf\\Desktop\\AINewsSite\\ai-news-site\\env.example'","data":null}
{"timestamp":"2025-12-17T22:53:04.386Z","level":"warn","message":"Failed to scan directory README.md: ENOTDIR: not a directory, scandir 'C:\\Users\\Raf\\Desktop\\AINewsSite\\ai-news-site\\README.md'","data":null}
{"timestamp":"2025-12-17T22:53:04.388Z","level":"info","message":"Found 185 files to backup","data":null}
{"timestamp":"2025-12-17T22:53:04.469Z","level":"info","message":"📋 Copied 50 files...","data":null}
{"timestamp":"2025-12-17T22:53:04.539Z","level":"info","message":"📋 Copied 100 files...","data":null}
{"timestamp":"2025-12-17T22:53:04.629Z","level":"info","message":"📋 Copied 150 files...","data":null}
{"timestamp":"2025-12-17T22:53:04.724Z","level":"info","message":"✅ File copy completed: 185 files (13.85 MB)","data":null}
{"timestamp":"2025-12-17T22:53:04.730Z","level":"info","message":"Creating compressed archive...","data":null}
{"timestamp":"2025-12-17T22:53:08.537Z","level":"info","message":"✅ Archive created: production-backup-2025-12-17T22-53-04-050Z.zip (12.26 MB)","data":null}
{"timestamp":"2025-12-17T22:53:08.539Z","level":"info","message":"Verifying backup integrity...","data":null}
{"timestamp":"2025-12-17T22:53:08.583Z","level":"info","message":"✅ Backup verification: 185/185 files verified (100.0%)","data":null}
{"timestamp":"2025-12-17T22:53:08.586Z","level":"info","message":"Cleaning old production backups...","data":null}
{"timestamp":"2025-12-17T22:53:08.604Z","level":"info","message":"✅ Kept 2 backups","data":null}
{"timestamp":"2025-12-17T22:53:08.606Z","level":"info","message":"","data":null}
{"timestamp":"2025-12-17T22:53:08.609Z","level":"info","message":"🎉 Production backup completed successfully!","data":null}
{"timestamp":"2025-12-17T22:53:08.611Z","level":"info","message":"==========================================","data":null}
{"timestamp":"2025-12-17T22:53:08.614Z","level":"info","message":"📁 Backup location: production-backups\\production-backup-2025-12-17T22-53-04-050Z","data":null}
{"timestamp":"2025-12-17T22:53:08.617Z","level":"info","message":"📦 Archive: production-backups\\production-backup-2025-12-17T22-53-04-050Z.zip","data":null}
{"timestamp":"2025-12-17T22:53:08.619Z","level":"info","message":"📊 Total files: 185","data":null}
{"timestamp":"2025-12-17T22:53:08.622Z","level":"info","message":"💾 Total size: 13.85 MB","data":null}
{"timestamp":"2025-12-17T22:53:08.625Z","level":"info","message":"⏱️ Duration: 0.7s","data":null}
{"timestamp":"2025-12-17T22:53:08.628Z","level":"info","message":"🔗 Git commit: cc80bea3648e9096eb5256b7fc4b7325b8816b2e","data":null}
{"timestamp":"2025-12-17T22:53:08.630Z","level":"info","message":"✅ Verification: PASSED","data":null}
{"timestamp":"2025-12-17T22:53:08.633Z","level":"info","message":"","data":null}
