{"timestamp":"2026-01-17T21:08:32.265Z","level":"info","message":"🤖 AI Buzz Media - Production Backup System","data":null}
{"timestamp":"2026-01-17T21:08:32.275Z","level":"info","message":"==============================================","data":null}
{"timestamp":"2026-01-17T21:08:32.341Z","level":"info","message":"📅 Starting production backup at: 1/17/2026, 4:08:32 PM","data":null}
{"timestamp":"2026-01-17T21:08:32.342Z","level":"info","message":"📁 Backup name: production-backup-2026-01-17T21-08-32-257Z","data":null}
{"timestamp":"2026-01-17T21:08:32.343Z","level":"info","message":"🔧 Environment: development","data":null}
{"timestamp":"2026-01-17T21:08:32.343Z","level":"info","message":"","data":null}
{"timestamp":"2026-01-17T21:08:32.344Z","level":"info","message":"Creating production backup directory...","data":null}
{"timestamp":"2026-01-17T21:08:32.345Z","level":"info","message":"✅ Backup directory created: production-backups\\production-backup-2026-01-17T21-08-32-257Z","data":null}
{"timestamp":"2026-01-17T21:08:32.347Z","level":"info","message":"Creating backup manifest...","data":null}
{"timestamp":"2026-01-17T21:08:32.673Z","level":"info","message":"Starting file copy process...","data":null}
{"timestamp":"2026-01-17T21:08:32.704Z","level":"warn","message":"Failed to scan directory astro.config.mjs: ENOTDIR: not a directory, scandir 'C:\\Users\\Raf\\Desktop\\AINewsSite\\ai-news-site\\astro.config.mjs'","data":null}
{"timestamp":"2026-01-17T21:08:32.705Z","level":"warn","message":"Failed to scan directory package.json: ENOTDIR: not a directory, scandir 'C:\\Users\\Raf\\Desktop\\AINewsSite\\ai-news-site\\package.json'","data":null}
{"timestamp":"2026-01-17T21:08:32.706Z","level":"warn","message":"Failed to scan directory package-lock.json: ENOTDIR: not a directory, scandir 'C:\\Users\\Raf\\Desktop\\AINewsSite\\ai-news-site\\package-lock.json'","data":null}
{"timestamp":"2026-01-17T21:08:32.707Z","level":"warn","message":"Failed to scan directory netlify.toml: ENOTDIR: not a directory, scandir 'C:\\Users\\Raf\\Desktop\\AINewsSite\\ai-news-site\\netlify.toml'","data":null}
{"timestamp":"2026-01-17T21:08:32.707Z","level":"warn","message":"Failed to scan directory tsconfig.json: ENOTDIR: not a directory, scandir 'C:\\Users\\Raf\\Desktop\\AINewsSite\\ai-news-site\\tsconfig.json'","data":null}
{"timestamp":"2026-01-17T21:08:32.708Z","level":"warn","message":"Failed to scan directory sanity.config.ts: ENOTDIR: not a directory, scandir 'C:\\Users\\Raf\\Desktop\\AINewsSite\\ai-news-site\\sanity.config.ts'","data":null}
{"timestamp":"2026-01-17T21:08:32.709Z","level":"warn","message":"Failed to scan directory env.example: ENOTDIR: not a directory, scandir 'C:\\Users\\Raf\\Desktop\\AINewsSite\\ai-news-site\\env.example'","data":null}
{"timestamp":"2026-01-17T21:08:32.710Z","level":"warn","message":"Failed to scan directory README.md: ENOTDIR: not a directory, scandir 'C:\\Users\\Raf\\Desktop\\AINewsSite\\ai-news-site\\README.md'","data":null}
{"timestamp":"2026-01-17T21:08:32.711Z","level":"info","message":"Found 191 files to backup","data":null}
{"timestamp":"2026-01-17T21:08:32.809Z","level":"info","message":"📋 Copied 50 files...","data":null}
{"timestamp":"2026-01-17T21:08:32.894Z","level":"info","message":"📋 Copied 100 files...","data":null}
{"timestamp":"2026-01-17T21:08:32.989Z","level":"info","message":"📋 Copied 150 files...","data":null}
{"timestamp":"2026-01-17T21:08:33.062Z","level":"info","message":"✅ File copy completed: 191 files (13.83 MB)","data":null}
{"timestamp":"2026-01-17T21:08:33.063Z","level":"info","message":"Creating compressed archive...","data":null}
{"timestamp":"2026-01-17T21:08:37.282Z","level":"info","message":"✅ Archive created: production-backup-2026-01-17T21-08-32-257Z.zip (12.26 MB)","data":null}
{"timestamp":"2026-01-17T21:08:37.283Z","level":"info","message":"Verifying backup integrity...","data":null}
{"timestamp":"2026-01-17T21:08:37.333Z","level":"info","message":"✅ Backup verification: 191/191 files verified (100.0%)","data":null}
{"timestamp":"2026-01-17T21:08:37.335Z","level":"info","message":"Cleaning old production backups...","data":null}
{"timestamp":"2026-01-17T21:08:37.400Z","level":"info","message":"✅ Kept 8 backups","data":null}
{"timestamp":"2026-01-17T21:08:37.401Z","level":"info","message":"","data":null}
{"timestamp":"2026-01-17T21:08:37.402Z","level":"info","message":"🎉 Production backup completed successfully!","data":null}
{"timestamp":"2026-01-17T21:08:37.402Z","level":"info","message":"==========================================","data":null}
{"timestamp":"2026-01-17T21:08:37.403Z","level":"info","message":"📁 Backup location: production-backups\\production-backup-2026-01-17T21-08-32-257Z","data":null}
{"timestamp":"2026-01-17T21:08:37.403Z","level":"info","message":"📦 Archive: production-backups\\production-backup-2026-01-17T21-08-32-257Z.zip","data":null}
{"timestamp":"2026-01-17T21:08:37.404Z","level":"info","message":"📊 Total files: 191","data":null}
{"timestamp":"2026-01-17T21:08:37.404Z","level":"info","message":"💾 Total size: 13.83 MB","data":null}
{"timestamp":"2026-01-17T21:08:37.405Z","level":"info","message":"⏱️ Duration: 0.8s","data":null}
{"timestamp":"2026-01-17T21:08:37.405Z","level":"info","message":"🔗 Git commit: d5e6b76c3118072b29a06f618f418c725405ba62","data":null}
{"timestamp":"2026-01-17T21:08:37.406Z","level":"info","message":"✅ Verification: PASSED","data":null}
{"timestamp":"2026-01-17T21:08:37.406Z","level":"info","message":"","data":null}
